<?xml version="1.0" encoding="UTF-8"?>
<robot generator="Robot 7.4.1 (Python 3.14.2 on win32)" generated="2026-02-08T22:15:14.834487" rpa="false" schemaversion="5">
<suite id="s1" name="Modelo" source="C:\Users\gabri.QZIN\Desktop\GIT\Robot\modelo.robot">
<test id="s1-t1" name="Cenário 1: Acessando o site do Robot" line="12">
<kw name="Abrir Site">
<kw name="Open Browser" owner="SeleniumLibrary">
<msg time="2026-02-08T22:15:15.031858" level="INFO">Opening browser 'chrome' to base url 'https://robotframework.org/'.</msg>
<arg>https://robotframework.org/</arg>
<arg>chrome</arg>
<doc>Opens a new browser instance to the optional ``url``.</doc>
<status status="PASS" start="2026-02-08T22:15:15.031681" elapsed="2.036869"/>
</kw>
<status status="PASS" start="2026-02-08T22:15:15.031036" elapsed="2.037680"/>
</kw>
<status status="PASS" start="2026-02-08T22:15:15.030363" elapsed="2.038601"/>
</test>
<status status="PASS" start="2026-02-08T22:15:14.835875" elapsed="2.233676"/>
</suite>
<statistics>
<total>
<stat pass="1" fail="0" skip="0">All Tests</stat>
</total>
<tag>
</tag>
<suite>
<stat name="Modelo" id="s1" pass="1" fail="0" skip="0">Modelo</stat>
</suite>
</statistics>
<errors>
</errors>
</robot>
